0 verbose cli C:\Program Files\nodejs\node.exe C:\Program Files\nodejs\node_modules\npm\bin\npm-cli.js
1 info using npm@11.13.0
2 info using node@v24.16.0
3 silly config load:file:C:\Program Files\nodejs\node_modules\npm\npmrc
4 silly config load:file:C:\Users\dell\OneDrive\Documents\EUGOS WEB\.npmrc
5 silly config load:file:C:\Users\dell\.npmrc
6 silly config load:file:C:\Users\dell\AppData\Roaming\npm\etc\npmrc
7 verbose title npm install playwright-core
8 verbose argv "install" "--save-dev" "playwright-core" "--cache" ".\\.npm-cache"
9 verbose logfile logs-max:10 dir:C:\Users\dell\OneDrive\Documents\EUGOS WEB\.npm-cache\_logs\2026-07-03T13_00_20_539Z-
10 verbose logfile C:\Users\dell\OneDrive\Documents\EUGOS WEB\.npm-cache\_logs\2026-07-03T13_00_20_539Z-debug-0.log
11 silly logfile done cleaning log files
12 silly packumentCache heap:4496293888 maxSize:1124073472 maxEntrySize:562036736
13 verbose shrinkwrap failed to load node_modules/.package-lock.json out of date, updated: node_modules
14 silly idealTree buildDeps
15 silly fetch manifest playwright-core@*
16 silly packumentCache full:https://registry.npmjs.org/playwright-core cache-miss
17 http fetch GET 200 https://registry.npmjs.org/playwright-core 4568ms (cache miss)
18 silly packumentCache full:https://registry.npmjs.org/playwright-core set size:undefined disposed:false
19 silly placeDep ROOT playwright-core@1.61.1 OK for: tranquil-organics-ecommerce@1.0.0 want: *
20 silly reify moves {}
21 silly audit bulk request {
21 silly audit   '@emnapi/core': [ '1.11.1' ],
21 silly audit   '@emnapi/runtime': [ '1.11.1' ],
21 silly audit   '@emnapi/wasi-threads': [ '1.2.2' ],
21 silly audit   '@napi-rs/wasm-runtime': [ '1.1.6' ],
21 silly audit   '@oxc-project/types': [ '0.138.0' ],
21 silly audit   '@rolldown/binding-android-arm64': [ '1.1.4' ],
21 silly audit   '@rolldown/binding-darwin-arm64': [ '1.1.4' ],
21 silly audit   '@rolldown/binding-darwin-x64': [ '1.1.4' ],
21 silly audit   '@rolldown/binding-freebsd-x64': [ '1.1.4' ],
21 silly audit   '@rolldown/binding-linux-arm-gnueabihf': [ '1.1.4' ],
21 silly audit   '@rolldown/binding-linux-arm64-gnu': [ '1.1.4' ],
21 silly audit   '@rolldown/binding-linux-arm64-musl': [ '1.1.4' ],
21 silly audit   '@rolldown/binding-linux-ppc64-gnu': [ '1.1.4' ],
21 silly audit   '@rolldown/binding-linux-s390x-gnu': [ '1.1.4' ],
21 silly audit   '@rolldown/binding-linux-x64-gnu': [ '1.1.4' ],
21 silly audit   '@rolldown/binding-linux-x64-musl': [ '1.1.4' ],
21 silly audit   '@rolldown/binding-openharmony-arm64': [ '1.1.4' ],
21 silly audit   '@rolldown/binding-wasm32-wasi': [ '1.1.4' ],
21 silly audit   '@rolldown/binding-win32-arm64-msvc': [ '1.1.4' ],
21 silly audit   '@rolldown/binding-win32-x64-msvc': [ '1.1.4' ],
21 silly audit   '@rolldown/pluginutils': [ '1.0.1' ],
21 silly audit   '@tybys/wasm-util': [ '0.10.3' ],
21 silly audit   '@vitejs/plugin-react': [ '6.0.3' ],
21 silly audit   cookie: [ '1.1.1' ],
21 silly audit   'detect-libc': [ '2.1.2' ],
21 silly audit   fdir: [ '6.5.0' ],
21 silly audit   fsevents: [ '2.3.3' ],
21 silly audit   lightningcss: [ '1.32.0' ],
21 silly audit   'lightningcss-android-arm64': [ '1.32.0' ],
21 silly audit   'lightningcss-darwin-arm64': [ '1.32.0' ],
21 silly audit   'lightningcss-darwin-x64': [ '1.32.0' ],
21 silly audit   'lightningcss-freebsd-x64': [ '1.32.0' ],
21 silly audit   'lightningcss-linux-arm-gnueabihf': [ '1.32.0' ],
21 silly audit   'lightningcss-linux-arm64-gnu': [ '1.32.0' ],
21 silly audit   'lightningcss-linux-arm64-musl': [ '1.32.0' ],
21 silly audit   'lightningcss-linux-x64-gnu': [ '1.32.0' ],
21 silly audit   'lightningcss-linux-x64-musl': [ '1.32.0' ],
21 silly audit   'lightningcss-win32-arm64-msvc': [ '1.32.0' ],
21 silly audit   'lightningcss-win32-x64-msvc': [ '1.32.0' ],
21 silly audit   'lucide-react': [ '1.23.0' ],
21 silly audit   nanoid: [ '3.3.15' ],
21 silly audit   picocolors: [ '1.1.1' ],
21 silly audit   picomatch: [ '4.0.5' ],
21 silly audit   postcss: [ '8.5.16' ],
21 silly audit   react: [ '19.2.7' ],
21 silly audit   'react-dom': [ '19.2.7' ],
21 silly audit   'react-router': [ '7.18.1' ],
21 silly audit   'react-router-dom': [ '7.18.1' ],
21 silly audit   rolldown: [ '1.1.4' ],
21 silly audit   scheduler: [ '0.27.0' ],
21 silly audit   'set-cookie-parser': [ '2.7.2' ],
21 silly audit   'source-map-js': [ '1.2.1' ],
21 silly audit   tinyglobby: [ '0.2.17' ],
21 silly audit   tslib: [ '2.8.1' ],
21 silly audit   vite: [ '8.1.3' ],
21 silly audit   'playwright-core': [ '1.61.1' ]
21 silly audit }
22 http cache playwright-core@https://registry.npmjs.org/playwright-core/-/playwright-core-1.61.1.tgz 0ms (cache hit)
23 silly tarball no local data for playwright-core@https://registry.npmjs.org/playwright-core/-/playwright-core-1.61.1.tgz. Extracting by manifest.
24 http fetch POST 200 https://registry.npmjs.org/-/npm/v1/security/advisories/bulk 401ms
25 silly audit report {}
26 http fetch GET 200 https://registry.npmjs.org/playwright-core/-/playwright-core-1.61.1.tgz 5069ms (cache miss)
27 silly ADD node_modules/playwright-core
28 verbose cwd C:\Users\dell\OneDrive\Documents\EUGOS WEB
29 verbose os Windows_NT 10.0.22621
30 verbose node v24.16.0
31 verbose npm  v11.13.0
32 verbose exit 0
33 info ok
