0 verbose cli C:\Program Files\nodejs\node.exe C:\Program Files\nodejs\node_modules\npm\bin\npm-cli.js
1 info using npm@11.13.0
2 info using node@v24.16.0
3 silly config load:file:C:\Program Files\nodejs\node_modules\npm\npmrc
4 silly config load:file:C:\Users\dell\OneDrive\Documents\EUGOS WEB\.npmrc
5 silly config load:file:C:\Users\dell\.npmrc
6 silly config load:file:C:\Users\dell\AppData\Roaming\npm\etc\npmrc
7 verbose title npm uninstall playwright-core
8 verbose argv "uninstall" "playwright-core" "--cache" ".\\.npm-cache"
9 verbose logfile logs-max:10 dir:C:\Users\dell\OneDrive\Documents\EUGOS WEB\.npm-cache\_logs\2026-07-03T13_17_52_866Z-
10 verbose logfile C:\Users\dell\OneDrive\Documents\EUGOS WEB\.npm-cache\_logs\2026-07-03T13_17_52_866Z-debug-0.log
11 silly logfile done cleaning log files
12 silly packumentCache heap:4496293888 maxSize:1124073472 maxEntrySize:562036736
13 silly idealTree buildDeps
14 silly reify mark retired [
14 silly reify   'C:\\Users\\dell\\OneDrive\\Documents\\EUGOS WEB\\node_modules\\playwright-core',
14 silly reify   'C:\\Users\\dell\\OneDrive\\Documents\\EUGOS WEB\\node_modules\\.bin\\playwright-core',
14 silly reify   'C:\\Users\\dell\\OneDrive\\Documents\\EUGOS WEB\\node_modules\\.bin\\playwright-core.cmd',
14 silly reify   'C:\\Users\\dell\\OneDrive\\Documents\\EUGOS WEB\\node_modules\\.bin\\playwright-core.ps1'
14 silly reify ]
15 silly reify moves {
15 silly reify   'C:\\Users\\dell\\OneDrive\\Documents\\EUGOS WEB\\node_modules\\playwright-core': 'C:\\Users\\dell\\OneDrive\\Documents\\EUGOS WEB\\node_modules\\.playwright-core-zU46R0JI',
15 silly reify   'C:\\Users\\dell\\OneDrive\\Documents\\EUGOS WEB\\node_modules\\.bin\\playwright-core': 'C:\\Users\\dell\\OneDrive\\Documents\\EUGOS WEB\\node_modules\\.bin\\.playwright-core-s6iRZkZT',
15 silly reify   'C:\\Users\\dell\\OneDrive\\Documents\\EUGOS WEB\\node_modules\\.bin\\playwright-core.cmd': 'C:\\Users\\dell\\OneDrive\\Documents\\EUGOS WEB\\node_modules\\.bin\\.playwright-core.cmd-uAjr1XYT',
15 silly reify   'C:\\Users\\dell\\OneDrive\\Documents\\EUGOS WEB\\node_modules\\.bin\\playwright-core.ps1': 'C:\\Users\\dell\\OneDrive\\Documents\\EUGOS WEB\\node_modules\\.bin\\.playwright-core.ps1-gASPnzzb'
15 silly reify }
16 silly audit bulk request {
16 silly audit   '@emnapi/core': [ '1.11.1' ],
16 silly audit   '@emnapi/runtime': [ '1.11.1' ],
16 silly audit   '@emnapi/wasi-threads': [ '1.2.2' ],
16 silly audit   '@napi-rs/wasm-runtime': [ '1.1.6' ],
16 silly audit   '@oxc-project/types': [ '0.138.0' ],
16 silly audit   '@rolldown/binding-android-arm64': [ '1.1.4' ],
16 silly audit   '@rolldown/binding-darwin-arm64': [ '1.1.4' ],
16 silly audit   '@rolldown/binding-darwin-x64': [ '1.1.4' ],
16 silly audit   '@rolldown/binding-freebsd-x64': [ '1.1.4' ],
16 silly audit   '@rolldown/binding-linux-arm-gnueabihf': [ '1.1.4' ],
16 silly audit   '@rolldown/binding-linux-arm64-gnu': [ '1.1.4' ],
16 silly audit   '@rolldown/binding-linux-arm64-musl': [ '1.1.4' ],
16 silly audit   '@rolldown/binding-linux-ppc64-gnu': [ '1.1.4' ],
16 silly audit   '@rolldown/binding-linux-s390x-gnu': [ '1.1.4' ],
16 silly audit   '@rolldown/binding-linux-x64-gnu': [ '1.1.4' ],
16 silly audit   '@rolldown/binding-linux-x64-musl': [ '1.1.4' ],
16 silly audit   '@rolldown/binding-openharmony-arm64': [ '1.1.4' ],
16 silly audit   '@rolldown/binding-wasm32-wasi': [ '1.1.4' ],
16 silly audit   '@rolldown/binding-win32-arm64-msvc': [ '1.1.4' ],
16 silly audit   '@rolldown/binding-win32-x64-msvc': [ '1.1.4' ],
16 silly audit   '@rolldown/pluginutils': [ '1.0.1' ],
16 silly audit   '@tybys/wasm-util': [ '0.10.3' ],
16 silly audit   '@vitejs/plugin-react': [ '6.0.3' ],
16 silly audit   cookie: [ '1.1.1' ],
16 silly audit   'detect-libc': [ '2.1.2' ],
16 silly audit   fdir: [ '6.5.0' ],
16 silly audit   fsevents: [ '2.3.3' ],
16 silly audit   lightningcss: [ '1.32.0' ],
16 silly audit   'lightningcss-android-arm64': [ '1.32.0' ],
16 silly audit   'lightningcss-darwin-arm64': [ '1.32.0' ],
16 silly audit   'lightningcss-darwin-x64': [ '1.32.0' ],
16 silly audit   'lightningcss-freebsd-x64': [ '1.32.0' ],
16 silly audit   'lightningcss-linux-arm-gnueabihf': [ '1.32.0' ],
16 silly audit   'lightningcss-linux-arm64-gnu': [ '1.32.0' ],
16 silly audit   'lightningcss-linux-arm64-musl': [ '1.32.0' ],
16 silly audit   'lightningcss-linux-x64-gnu': [ '1.32.0' ],
16 silly audit   'lightningcss-linux-x64-musl': [ '1.32.0' ],
16 silly audit   'lightningcss-win32-arm64-msvc': [ '1.32.0' ],
16 silly audit   'lightningcss-win32-x64-msvc': [ '1.32.0' ],
16 silly audit   'lucide-react': [ '1.23.0' ],
16 silly audit   nanoid: [ '3.3.15' ],
16 silly audit   picocolors: [ '1.1.1' ],
16 silly audit   picomatch: [ '4.0.5' ],
16 silly audit   postcss: [ '8.5.16' ],
16 silly audit   react: [ '19.2.7' ],
16 silly audit   'react-dom': [ '19.2.7' ],
16 silly audit   'react-router': [ '7.18.1' ],
16 silly audit   'react-router-dom': [ '7.18.1' ],
16 silly audit   rolldown: [ '1.1.4' ],
16 silly audit   scheduler: [ '0.27.0' ],
16 silly audit   'set-cookie-parser': [ '2.7.2' ],
16 silly audit   'source-map-js': [ '1.2.1' ],
16 silly audit   tinyglobby: [ '0.2.17' ],
16 silly audit   tslib: [ '2.8.1' ],
16 silly audit   vite: [ '8.1.3' ]
16 silly audit }
17 http fetch POST 200 https://registry.npmjs.org/-/npm/v1/security/advisories/bulk 3059ms
18 silly audit report {}
19 silly REMOVE node_modules/playwright-core
20 verbose cwd C:\Users\dell\OneDrive\Documents\EUGOS WEB
21 verbose os Windows_NT 10.0.22621
22 verbose node v24.16.0
23 verbose npm  v11.13.0
24 verbose exit 0
25 info ok
